[2018-03-28 02:12:28] request.INFO: Matched route "admin" (parameters: "_controller": "Cabinet\MedicalBundle\Controller\DefaultController::adminAction", "_route": "admin") [] []
[2018-03-28 02:12:29] security.DEBUG: Read SecurityContext from the session [] []
[2018-03-28 02:12:29] security.DEBUG: Reloading user from user provider. [] []
[2018-03-28 02:12:29] security.DEBUG: Username "admin" was reloaded from user provider. [] []
[2018-03-28 02:12:33] request.CRITICAL: Twig_Error_Runtime: An exception has been thrown during the rendering of a template ("Route "listeconsutation" does not exist.") in "CabinetMedicalBundle::adminTemplate.html.twig" at line 227. (uncaught exception) at C:\wamp\www\Cabinet\app\cache\prod\classes.php line 9655 [] []
[2018-03-28 02:12:34] security.DEBUG: Write SecurityContext in the session [] []
[2018-03-28 02:15:48] request.INFO: Matched route "admin" (parameters: "_controller": "Cabinet\MedicalBundle\Controller\DefaultController::adminAction", "_route": "admin") [] []
[2018-03-28 02:15:49] security.DEBUG: Read SecurityContext from the session [] []
[2018-03-28 02:15:49] security.DEBUG: Reloading user from user provider. [] []
[2018-03-28 02:15:50] security.DEBUG: Username "hoss" was reloaded from user provider. [] []
[2018-03-28 02:15:50] request.CRITICAL: Twig_Error_Runtime: An exception has been thrown during the rendering of a template ("Route "listeconsutation" does not exist.") in "CabinetMedicalBundle::adminTemplate.html.twig" at line 227. (uncaught exception) at C:\wamp\www\Cabinet\app\cache\prod\classes.php line 9655 [] []
[2018-03-28 02:15:50] security.DEBUG: Write SecurityContext in the session [] []
[2018-03-28 02:18:16] request.INFO: Matched route "patient_new" (parameters: "_controller": "Cabinet\MedicalBundle\Controller\patientController::newAction", "_route": "patient_new") [] []
[2018-03-28 02:18:17] security.DEBUG: Read SecurityContext from the session [] []
[2018-03-28 02:18:17] security.DEBUG: Reloading user from user provider. [] []
[2018-03-28 02:18:18] security.DEBUG: Username "AMEL" was reloaded from user provider. [] []
[2018-03-28 02:18:18] request.CRITICAL: Twig_Error_Runtime: An exception has been thrown during the rendering of a template ("Route "listeconsutation" does not exist.") in "CabinetMedicalBundle::adminTemplate.html.twig" at line 227. (uncaught exception) at C:\wamp\www\Cabinet\app\cache\prod\classes.php line 9655 [] []
[2018-03-28 02:18:19] security.DEBUG: Write SecurityContext in the session [] []
[2018-03-28 02:21:42] request.INFO: Matched route "admin" (parameters: "_controller": "Cabinet\MedicalBundle\Controller\DefaultController::adminAction", "_route": "admin") [] []
[2018-03-28 02:21:43] security.DEBUG: Read SecurityContext from the session [] []
[2018-03-28 02:21:43] security.DEBUG: Reloading user from user provider. [] []
[2018-03-28 02:21:44] security.DEBUG: Username "AMEL" was reloaded from user provider. [] []
[2018-03-28 02:21:44] request.CRITICAL: Twig_Error_Runtime: An exception has been thrown during the rendering of a template ("Route "listeconsutation" does not exist.") in "CabinetMedicalBundle::adminTemplate.html.twig" at line 227. (uncaught exception) at C:\wamp\www\Cabinet\app\cache\prod\classes.php line 9655 [] []
[2018-03-28 02:21:44] security.DEBUG: Write SecurityContext in the session [] []
[2018-03-29 16:13:14] request.ERROR: Symfony\Component\HttpKernel\Exception\NotFoundHttpException: No route found for "GET /singlepage.html" (uncaught exception) at C:\wamp\www\Cabinet\app\cache\prod\classes.php line 5194 [] []
[2018-03-29 16:13:29] request.ERROR: Symfony\Component\HttpKernel\Exception\NotFoundHttpException: No route found for "GET /singlepage.html" (uncaught exception) at C:\wamp\www\Cabinet\app\cache\prod\classes.php line 5194 [] []
[2018-03-29 16:14:45] request.INFO: Matched route "admin" (parameters: "_controller": "Cabinet\MedicalBundle\Controller\DefaultController::adminAction", "_route": "admin") [] []
[2018-03-29 16:14:46] security.DEBUG: Read SecurityContext from the session [] []
[2018-03-29 16:14:46] security.DEBUG: Reloading user from user provider. [] []
[2018-03-29 16:14:48] security.DEBUG: Username "hoss" was reloaded from user provider. [] []
[2018-03-29 16:14:51] request.CRITICAL: Twig_Error_Runtime: An exception has been thrown during the rendering of a template ("Route "listeconsutation" does not exist.") in "CabinetMedicalBundle::adminTemplate.html.twig" at line 227. (uncaught exception) at C:\wamp\www\Cabinet\app\cache\prod\classes.php line 9655 [] []
[2018-03-29 16:14:52] security.DEBUG: Write SecurityContext in the session [] []
